{"C:\\Users\\Chira\\Formations\\autoformations\\Docker\\DockerisationAppChiraz\\AtelierTestUnitaire\\filtrePremier.js": {"path":"C:\\Users\\Chira\\Formations\\autoformations\\Docker\\DockerisationAppChiraz\\AtelierTestUnitaire\\filtrePremier.js","statementMap":{"0":{"start":{"line":1,"column":16},"end":{"line":1,"column":36}},"1":{"start":{"line":4,"column":2},"end":{"line":4,"column":50}},"2":{"start":{"line":4,"column":27},"end":{"line":4,"column":48}},"3":{"start":{"line":6,"column":0},"end":{"line":6,"column":31}}},"fnMap":{"0":{"name":"filtrePremier","decl":{"start":{"line":3,"column":9},"end":{"line":3,"column":22}},"loc":{"start":{"line":3,"column":26},"end":{"line":5,"column":1}},"line":3},"1":{"name":"(anonymous_1)","decl":{"start":{"line":4,"column":18},"end":{"line":4,"column":19}},"loc":{"start":{"line":4,"column":27},"end":{"line":4,"column":48}},"line":4}},"branchMap":{},"s":{"0":1,"1":2,"2":3,"3":1},"f":{"0":2,"1":3},"b":{},"_coverageSchema":"1a1c01bbd47fc00a2c39e90264f33305004495a9","hash":"29b845eb17c53c827745e847ce3a3633741ca4f1"}
,"C:\\Users\\Chira\\Formations\\autoformations\\Docker\\DockerisationAppChiraz\\AtelierTestUnitaire\\inverse.js": {"path":"C:\\Users\\Chira\\Formations\\autoformations\\Docker\\DockerisationAppChiraz\\AtelierTestUnitaire\\inverse.js","statementMap":{"0":{"start":{"line":2,"column":2},"end":{"line":3,"column":19}},"1":{"start":{"line":2,"column":14},"end":{"line":2,"column":27}},"2":{"start":{"line":3,"column":7},"end":{"line":3,"column":19}},"3":{"start":{"line":5,"column":0},"end":{"line":5,"column":25}}},"fnMap":{"0":{"name":"inverse","decl":{"start":{"line":1,"column":9},"end":{"line":1,"column":16}},"loc":{"start":{"line":1,"column":20},"end":{"line":4,"column":1}},"line":1}},"branchMap":{"0":{"loc":{"start":{"line":2,"column":2},"end":{"line":3,"column":19}},"type":"if","locations":[{"start":{"line":2,"column":2},"end":{"line":3,"column":19}},{"start":{"line":3,"column":7},"end":{"line":3,"column":19}}],"line":2}},"s":{"0":2,"1":1,"2":1,"3":1},"f":{"0":2},"b":{"0":[1,1]},"_coverageSchema":"1a1c01bbd47fc00a2c39e90264f33305004495a9","hash":"bd06f989c8014552bdabd5edcce005bb5032f21e"}
,"C:\\Users\\Chira\\Formations\\autoformations\\Docker\\DockerisationAppChiraz\\AtelierTestUnitaire\\premier.js": {"path":"C:\\Users\\Chira\\Formations\\autoformations\\Docker\\DockerisationAppChiraz\\AtelierTestUnitaire\\premier.js","statementMap":{"0":{"start":{"line":2,"column":2},"end":{"line":2,"column":27}},"1":{"start":{"line":2,"column":14},"end":{"line":2,"column":27}},"2":{"start":{"line":4,"column":2},"end":{"line":6,"column":3}},"3":{"start":{"line":4,"column":15},"end":{"line":4,"column":16}},"4":{"start":{"line":5,"column":4},"end":{"line":5,"column":34}},"5":{"start":{"line":5,"column":21},"end":{"line":5,"column":34}},"6":{"start":{"line":7,"column":2},"end":{"line":7,"column":14}},"7":{"start":{"line":10,"column":0},"end":{"line":10,"column":25}}},"fnMap":{"0":{"name":"premier","decl":{"start":{"line":1,"column":9},"end":{"line":1,"column":16}},"loc":{"start":{"line":1,"column":20},"end":{"line":8,"column":1}},"line":1}},"branchMap":{"0":{"loc":{"start":{"line":2,"column":2},"end":{"line":2,"column":27}},"type":"if","locations":[{"start":{"line":2,"column":2},"end":{"line":2,"column":27}},{"start":{},"end":{}}],"line":2},"1":{"loc":{"start":{"line":5,"column":4},"end":{"line":5,"column":34}},"type":"if","locations":[{"start":{"line":5,"column":4},"end":{"line":5,"column":34}},{"start":{},"end":{}}],"line":5}},"s":{"0":8,"1":3,"2":5,"3":5,"4":14,"5":2,"6":3,"7":2},"f":{"0":8},"b":{"0":[3,5],"1":[2,12]},"_coverageSchema":"1a1c01bbd47fc00a2c39e90264f33305004495a9","hash":"6ac99fb09138c9ac7a8da90cc1d81893aab7b095"}
,"C:\\Users\\Chira\\Formations\\autoformations\\Docker\\DockerisationAppChiraz\\AtelierTestUnitaire\\produit.js": {"path":"C:\\Users\\Chira\\Formations\\autoformations\\Docker\\DockerisationAppChiraz\\AtelierTestUnitaire\\produit.js","statementMap":{"0":{"start":{"line":2,"column":2},"end":{"line":2,"column":15}},"1":{"start":{"line":5,"column":0},"end":{"line":5,"column":25}}},"fnMap":{"0":{"name":"produit","decl":{"start":{"line":1,"column":9},"end":{"line":1,"column":16}},"loc":{"start":{"line":1,"column":23},"end":{"line":3,"column":1}},"line":1}},"branchMap":{},"s":{"0":1,"1":1},"f":{"0":1},"b":{},"_coverageSchema":"1a1c01bbd47fc00a2c39e90264f33305004495a9","hash":"59c69041a28eaa3f24cbb71c02ac919c3b2478ab"}
,"C:\\Users\\Chira\\Formations\\autoformations\\Docker\\DockerisationAppChiraz\\AtelierTestUnitaire\\regroupObj.js": {"path":"C:\\Users\\Chira\\Formations\\autoformations\\Docker\\DockerisationAppChiraz\\AtelierTestUnitaire\\regroupObj.js","statementMap":{"0":{"start":{"line":2,"column":2},"end":{"line":5,"column":9}},"1":{"start":{"line":3,"column":4},"end":{"line":3,"column":55}},"2":{"start":{"line":4,"column":4},"end":{"line":4,"column":15}},"3":{"start":{"line":7,"column":0},"end":{"line":7,"column":28}}},"fnMap":{"0":{"name":"regroupObj","decl":{"start":{"line":1,"column":9},"end":{"line":1,"column":19}},"loc":{"start":{"line":1,"column":28},"end":{"line":6,"column":1}},"line":1},"1":{"name":"(anonymous_1)","decl":{"start":{"line":2,"column":18},"end":{"line":2,"column":19}},"loc":{"start":{"line":2,"column":33},"end":{"line":5,"column":3}},"line":2}},"branchMap":{"0":{"loc":{"start":{"line":3,"column":22},"end":{"line":3,"column":42}},"type":"binary-expr","locations":[{"start":{"line":3,"column":22},"end":{"line":3,"column":36}},{"start":{"line":3,"column":40},"end":{"line":3,"column":42}}],"line":3}},"s":{"0":1,"1":3,"2":3,"3":1},"f":{"0":1,"1":3},"b":{"0":[3,2]},"_coverageSchema":"1a1c01bbd47fc00a2c39e90264f33305004495a9","hash":"85dadc9566ef6616766e8894b86942ce59c0f6a4"}
,"C:\\Users\\Chira\\Formations\\autoformations\\Docker\\DockerisationAppChiraz\\AtelierTestUnitaire\\coverage\\calcul.js": {"path":"C:\\Users\\Chira\\Formations\\autoformations\\Docker\\DockerisationAppChiraz\\AtelierTestUnitaire\\coverage\\calcul.js","statementMap":{"0":{"start":{"line":2,"column":2},"end":{"line":2,"column":31}},"1":{"start":{"line":2,"column":16},"end":{"line":2,"column":31}},"2":{"start":{"line":3,"column":2},"end":{"line":3,"column":31}},"3":{"start":{"line":3,"column":16},"end":{"line":3,"column":31}},"4":{"start":{"line":5,"column":0},"end":{"line":5,"column":24}}},"fnMap":{"0":{"name":"calcul","decl":{"start":{"line":1,"column":9},"end":{"line":1,"column":15}},"loc":{"start":{"line":1,"column":27},"end":{"line":4,"column":1}},"line":1}},"branchMap":{"0":{"loc":{"start":{"line":2,"column":2},"end":{"line":2,"column":31}},"type":"if","locations":[{"start":{"line":2,"column":2},"end":{"line":2,"column":31}},{"start":{},"end":{}}],"line":2},"1":{"loc":{"start":{"line":3,"column":2},"end":{"line":3,"column":31}},"type":"if","locations":[{"start":{"line":3,"column":2},"end":{"line":3,"column":31}},{"start":{},"end":{}}],"line":3}},"s":{"0":3,"1":2,"2":1,"3":1,"4":1},"f":{"0":3},"b":{"0":[2,1],"1":[1,0]},"_coverageSchema":"1a1c01bbd47fc00a2c39e90264f33305004495a9","hash":"d5ad7fe8da268f68d7baf6e737574fcd3c00fcfc"}
}
