{"C:\\Users\\Chira\\Formations\\autoformations\\Docker\\DockerisationAppChiraz\\AtelierTestUnitaire\\inverse.js": {"path":"C:\\Users\\Chira\\Formations\\autoformations\\Docker\\DockerisationAppChiraz\\AtelierTestUnitaire\\inverse.js","statementMap":{"0":{"start":{"line":2,"column":4},"end":{"line":5,"column":19}},"1":{"start":{"line":3,"column":8},"end":{"line":3,"column":18}},"2":{"start":{"line":5,"column":8},"end":{"line":5,"column":19}},"3":{"start":{"line":7,"column":0},"end":{"line":7,"column":24}}},"fnMap":{"0":{"name":"inverse","decl":{"start":{"line":1,"column":9},"end":{"line":1,"column":16}},"loc":{"start":{"line":1,"column":19},"end":{"line":6,"column":1}},"line":1}},"branchMap":{"0":{"loc":{"start":{"line":2,"column":4},"end":{"line":5,"column":19}},"type":"if","locations":[{"start":{"line":2,"column":4},"end":{"line":5,"column":19}},{"start":{"line":5,"column":8},"end":{"line":5,"column":19}}],"line":2}},"s":{"0":2,"1":1,"2":1,"3":1},"f":{"0":2},"b":{"0":[1,1]},"_coverageSchema":"1a1c01bbd47fc00a2c39e90264f33305004495a9","hash":"547926095d7261b4af321de055abe8e0384ba8c4"}
}
