TN:
SF:filtrePremier.js
FN:3,filtrePremier
FN:4,(anonymous_1)
FNF:2
FNH:2
FNDA:2,filtrePremier
FNDA:3,(anonymous_1)
DA:1,1
DA:4,3
DA:6,1
LF:3
LH:3
BRF:0
BRH:0
end_of_record
TN:
SF:inverse.js
FN:1,inverse
FNF:1
FNH:1
FNDA:2,inverse
DA:2,2
DA:3,1
DA:5,1
LF:3
LH:3
BRDA:2,0,0,1
BRDA:2,0,1,1
BRF:2
BRH:2
end_of_record
TN:
SF:premier.js
FN:1,premier
FNF:1
FNH:1
FNDA:8,premier
DA:2,8
DA:4,5
DA:5,14
DA:7,3
DA:10,2
LF:5
LH:5
BRDA:2,0,0,3
BRDA:2,0,1,5
BRDA:5,1,0,2
BRDA:5,1,1,12
BRF:4
BRH:4
end_of_record
TN:
SF:produit.js
FN:1,produit
FNF:1
FNH:1
FNDA:1,produit
DA:2,1
DA:5,1
LF:2
LH:2
BRF:0
BRH:0
end_of_record
TN:
SF:regroupObj.js
FN:1,regroupObj
FN:2,(anonymous_1)
FNF:2
FNH:2
FNDA:1,regroupObj
FNDA:3,(anonymous_1)
DA:2,1
DA:3,3
DA:4,3
DA:7,1
LF:4
LH:4
BRDA:3,0,0,3
BRDA:3,0,1,2
BRF:2
BRH:2
end_of_record
TN:
SF:coverage\calcul.js
FN:1,calcul
FNF:1
FNH:1
FNDA:3,calcul
DA:2,3
DA:3,1
DA:5,1
LF:3
LH:3
BRDA:2,0,0,2
BRDA:2,0,1,1
BRDA:3,1,0,1
BRDA:3,1,1,0
BRF:4
BRH:3
end_of_record
